update-alternatives 2022-11-30 02:04:07: run with --install /usr/bin/awk awk /usr/bin/mawk 5 --slave /usr/share/man/man1/awk.1.gz awk.1.gz /usr/share/man/man1/mawk.1.gz --slave /usr/bin/nawk nawk /usr/bin/mawk --slave /usr/share/man/man1/nawk.1.gz nawk.1.gz /usr/share/man/man1/mawk.1.gz
update-alternatives 2022-11-30 02:04:07: link group awk updated to point to /usr/bin/mawk
update-alternatives 2022-11-30 02:04:10: run with --install /usr/bin/which which /usr/bin/which.debianutils 0 --slave /usr/share/man/man1/which.1.gz which.1.gz /usr/share/man/man1/which.debianutils.1.gz --slave /usr/share/man/de/man1/which.1.gz which.de1.gz /usr/share/man/de/man1/which.debianutils.1.gz --slave /usr/share/man/es/man1/which.1.gz which.es1.gz /usr/share/man/es/man1/which.debianutils.1.gz --slave /usr/share/man/fr/man1/which.1.gz which.fr1.gz /usr/share/man/fr/man1/which.debianutils.1.gz --slave /usr/share/man/it/man1/which.1.gz which.it1.gz /usr/share/man/it/man1/which.debianutils.1.gz --slave /usr/share/man/ja/man1/which.1.gz which.ja1.gz /usr/share/man/ja/man1/which.debianutils.1.gz --slave /usr/share/man/pl/man1/which.1.gz which.pl1.gz /usr/share/man/pl/man1/which.debianutils.1.gz --slave /usr/share/man/sl/man1/which.1.gz which.sl1.gz /usr/share/man/sl/man1/which.debianutils.1.gz
update-alternatives 2022-11-30 02:04:10: link group which updated to point to /usr/bin/which.debianutils
update-alternatives 2022-11-30 02:04:10: run with --install /usr/bin/awk awk /usr/bin/mawk 5 --slave /usr/share/man/man1/awk.1.gz awk.1.gz /usr/share/man/man1/mawk.1.gz --slave /usr/bin/nawk nawk /usr/bin/mawk --slave /usr/share/man/man1/nawk.1.gz nawk.1.gz /usr/share/man/man1/mawk.1.gz
update-alternatives 2022-11-30 02:04:11: run with --install /usr/share/man/man7/builtins.7.gz builtins.7.gz /usr/share/man/man7/bash-builtins.7.gz 10
update-alternatives 2022-11-30 02:04:11: link group builtins.7.gz updated to point to /usr/share/man/man7/bash-builtins.7.gz
update-alternatives 2022-11-30 02:04:11: run with --install /usr/sbin/rmt rmt /usr/sbin/rmt-tar 50 --slave /usr/share/man/man8/rmt.8.gz rmt.8.gz /usr/share/man/man8/rmt-tar.8.gz
update-alternatives 2022-11-30 02:04:11: link group rmt updated to point to /usr/sbin/rmt-tar
update-alternatives 2022-11-30 02:04:11: run with --install /usr/bin/pager pager /bin/more 50 --slave /usr/share/man/man1/pager.1.gz pager.1.gz /usr/share/man/man1/more.1.gz
update-alternatives 2022-11-30 02:04:11: link group pager updated to point to /bin/more
update-alternatives 2022-11-30 02:04:22: run with --remove builtins.7.gz /usr/share/man/man7/bash-builtins.7.gz
update-alternatives 2022-11-30 02:04:22: link group builtins.7.gz fully removed
update-alternatives 2022-11-30 02:04:32: run with --install /usr/bin/which which /usr/bin/which.debianutils 0 --slave /usr/share/man/man1/which.1.gz which.1.gz /usr/share/man/man1/which.debianutils.1.gz --slave /usr/share/man/de/man1/which.1.gz which.de1.gz /usr/share/man/de/man1/which.debianutils.1.gz --slave /usr/share/man/es/man1/which.1.gz which.es1.gz /usr/share/man/es/man1/which.debianutils.1.gz --slave /usr/share/man/fr/man1/which.1.gz which.fr1.gz /usr/share/man/fr/man1/which.debianutils.1.gz --slave /usr/share/man/it/man1/which.1.gz which.it1.gz /usr/share/man/it/man1/which.debianutils.1.gz --slave /usr/share/man/ja/man1/which.1.gz which.ja1.gz /usr/share/man/ja/man1/which.debianutils.1.gz --slave /usr/share/man/pl/man1/which.1.gz which.pl1.gz /usr/share/man/pl/man1/which.debianutils.1.gz --slave /usr/share/man/sl/man1/which.1.gz which.sl1.gz /usr/share/man/sl/man1/which.debianutils.1.gz
update-alternatives 2022-11-30 02:04:32: auto-repair link group which
update-alternatives 2022-11-30 02:06:45: run with --install /usr/bin/awk awk /usr/bin/mawk 5 --slave /usr/share/man/man1/awk.1.gz awk.1.gz /usr/share/man/man1/mawk.1.gz --slave /usr/bin/nawk nawk /usr/bin/mawk --slave /usr/share/man/man1/nawk.1.gz nawk.1.gz /usr/share/man/man1/mawk.1.gz
update-alternatives 2022-11-30 02:06:45: auto-repair link group awk
update-alternatives 2022-11-30 02:07:01: run with --install /usr/sbin/rmt rmt /usr/sbin/rmt-tar 50 --slave /usr/share/man/man8/rmt.8.gz rmt.8.gz /usr/share/man/man8/rmt-tar.8.gz
update-alternatives 2022-11-30 02:07:01: auto-repair link group rmt
update-alternatives 2022-11-30 02:07:06: run with --install /usr/bin/pager pager /bin/more 50 --slave /usr/share/man/man1/pager.1.gz pager.1.gz /usr/share/man/man1/more.1.gz
update-alternatives 2022-11-30 02:07:06: auto-repair link group pager
update-alternatives 2023-01-18 01:26:48: run with --install /usr/sbin/iptables iptables /usr/sbin/iptables-legacy 10 --slave /usr/sbin/iptables-restore iptables-restore /usr/sbin/iptables-legacy-restore --slave /usr/sbin/iptables-save iptables-save /usr/sbin/iptables-legacy-save
update-alternatives 2023-01-18 01:26:48: link group iptables updated to point to /usr/sbin/iptables-legacy
update-alternatives 2023-01-18 01:26:48: run with --install /usr/sbin/ip6tables ip6tables /usr/sbin/ip6tables-legacy 10 --slave /usr/sbin/ip6tables-restore ip6tables-restore /usr/sbin/ip6tables-legacy-restore --slave /usr/sbin/ip6tables-save ip6tables-save /usr/sbin/ip6tables-legacy-save
update-alternatives 2023-01-18 01:26:48: link group ip6tables updated to point to /usr/sbin/ip6tables-legacy
update-alternatives 2023-01-18 01:26:48: run with --install /usr/sbin/iptables iptables /usr/sbin/iptables-nft 20 --slave /usr/sbin/iptables-restore iptables-restore /usr/sbin/iptables-nft-restore --slave /usr/sbin/iptables-save iptables-save /usr/sbin/iptables-nft-save
update-alternatives 2023-01-18 01:26:48: link group iptables updated to point to /usr/sbin/iptables-nft
update-alternatives 2023-01-18 01:26:48: run with --install /usr/sbin/ip6tables ip6tables /usr/sbin/ip6tables-nft 20 --slave /usr/sbin/ip6tables-restore ip6tables-restore /usr/sbin/ip6tables-nft-restore --slave /usr/sbin/ip6tables-save ip6tables-save /usr/sbin/ip6tables-nft-save
update-alternatives 2023-01-18 01:26:48: link group ip6tables updated to point to /usr/sbin/ip6tables-nft
update-alternatives 2023-01-18 01:26:48: run with --install /usr/sbin/arptables arptables /usr/sbin/arptables-nft 20 --slave /usr/sbin/arptables-restore arptables-restore /usr/sbin/arptables-nft-restore --slave /usr/sbin/arptables-save arptables-save /usr/sbin/arptables-nft-save
update-alternatives 2023-01-18 01:26:48: link group arptables updated to point to /usr/sbin/arptables-nft
update-alternatives 2023-01-18 01:26:48: run with --install /usr/sbin/ebtables ebtables /usr/sbin/ebtables-nft 20 --slave /usr/sbin/ebtables-restore ebtables-restore /usr/sbin/ebtables-nft-restore --slave /usr/sbin/ebtables-save ebtables-save /usr/sbin/ebtables-nft-save
update-alternatives 2023-01-18 01:26:48: link group ebtables updated to point to /usr/sbin/ebtables-nft
